13:40:40.1620 [main] INFO  c.e.E.EmployeePayRollAppApplication - Starting EmployeePayRollAppApplication using Java 23.0.2 with PID 44188 (/Users/princeraj/Desktop/Capgemini-Training/EmployeePayRollApp/target/classes started by princeraj in /Users/princeraj/Desktop/Capgemini-Training/EmployeePayRollApp)
13:40:40.1650 [main] INFO  c.e.E.EmployeePayRollAppApplication - No active profile set, falling back to 1 default profile: "default"
13:40:40.5010 [main] INFO  o.s.d.r.c.RepositoryConfigurationDelegate - Bootstrapping Spring Data JPA repositories in DEFAULT mode.
13:40:40.5280 [main] INFO  o.s.d.r.c.RepositoryConfigurationDelegate - Finished Spring Data repository scanning in 22 ms. Found 1 JPA repository interface.
13:40:40.7750 [main] INFO  o.s.b.w.e.tomcat.TomcatWebServer - Tomcat initialized with port 8080 (http)
13:40:40.7820 [main] INFO  o.a.coyote.http11.Http11NioProtocol - Initializing ProtocolHandler ["http-nio-8080"]
13:40:40.7840 [main] INFO  o.a.catalina.core.StandardService - Starting service [Tomcat]
13:40:40.7840 [main] INFO  o.a.catalina.core.StandardEngine - Starting Servlet engine: [Apache Tomcat/10.1.36]
13:40:40.8090 [main] INFO  o.a.c.c.C.[Tomcat].[localhost].[/] - Initializing Spring embedded WebApplicationContext
13:40:40.8090 [main] INFO  o.s.b.w.s.c.ServletWebServerApplicationContext - Root WebApplicationContext: initialization completed in 610 ms
13:40:40.8890 [main] INFO  o.h.jpa.internal.util.LogHelper - HHH000204: Processing PersistenceUnitInfo [name: default]
13:40:40.9140 [main] INFO  org.hibernate.Version - HHH000412: Hibernate ORM core version 6.6.8.Final
13:40:40.9290 [main] INFO  o.h.c.i.RegionFactoryInitiator - HHH000026: Second-level cache disabled
13:40:41.0720 [main] INFO  o.s.o.j.p.SpringPersistenceUnitInfo - No LoadTimeWeaver setup: ignoring JPA class transformer
13:40:41.0870 [main] INFO  com.zaxxer.hikari.HikariDataSource - HikariPool-1 - Starting...
13:40:41.3070 [main] INFO  com.zaxxer.hikari.pool.HikariPool - HikariPool-1 - Added connection com.mysql.cj.jdbc.ConnectionImpl@177ddd24
13:40:41.3080 [main] INFO  com.zaxxer.hikari.HikariDataSource - HikariPool-1 - Start completed.
13:40:41.3460 [main] WARN  org.hibernate.orm.deprecation - HHH90000025: MySQLDialect does not need to be specified explicitly using 'hibernate.dialect' (remove the property setting and it will be selected by default)
13:40:41.3550 [main] INFO  o.hibernate.orm.connections.pooling - HHH10001005: Database info:
	Database JDBC URL [Connecting through datasource 'HikariDataSource (HikariPool-1)']
	Database driver: undefined/unknown
	Database version: 9.2
	Autocommit mode: undefined/unknown
	Isolation level: undefined/unknown
	Minimum pool size: undefined/unknown
	Maximum pool size: undefined/unknown
13:40:41.7440 [main] INFO  o.h.e.t.j.p.i.JtaPlatformInitiator - HHH000489: No JTA platform available (set 'hibernate.transaction.jta.platform' to enable JTA platform integration)
13:40:41.7760 [main] INFO  o.s.o.j.LocalContainerEntityManagerFactoryBean - Initialized JPA EntityManagerFactory for persistence unit 'default'
13:40:41.9100 [main] WARN  o.s.b.a.o.j.JpaBaseConfiguration$JpaWebConfiguration - spring.jpa.open-in-view is enabled by default. Therefore, database queries may be performed during view rendering. Explicitly configure spring.jpa.open-in-view to disable this warning
13:40:42.0610 [main] INFO  o.a.coyote.http11.Http11NioProtocol - Starting ProtocolHandler ["http-nio-8080"]
13:40:42.0710 [main] INFO  o.s.b.w.e.tomcat.TomcatWebServer - Tomcat started on port 8080 (http) with context path '/'
13:40:42.0770 [main] INFO  c.e.E.EmployeePayRollAppApplication - Started EmployeePayRollAppApplication in 2.15 seconds (process running for 2.536)
13:40:46.5060 [http-nio-8080-exec-1] INFO  o.a.c.c.C.[Tomcat].[localhost].[/] - Initializing Spring DispatcherServlet 'dispatcherServlet'
13:40:46.5070 [http-nio-8080-exec-1] INFO  o.s.web.servlet.DispatcherServlet - Initializing Servlet 'dispatcherServlet'
13:40:46.5080 [http-nio-8080-exec-1] INFO  o.s.web.servlet.DispatcherServlet - Completed initialization in 1 ms
13:40:46.5360 [http-nio-8080-exec-1] INFO  c.e.E.controllers.EmployeeController - get employee details by id
13:40:46.5750 [http-nio-8080-exec-1] INFO  c.e.E.services.EmployeeService - Employee Details fetched successfully.
